TN:
SF:src/compare.js
FN:3,compare
FNF:1
FNH:1
FNDA:1,compare
DA:1,1
DA:2,1
DA:3,1
DA:4,1
DA:5,1
DA:6,1
DA:7,1
DA:8,7
DA:9,4
DA:10,2
DA:11,2
DA:12,2
DA:13,2
DA:14,2
DA:15,7
DA:16,2
DA:17,3
DA:18,1
DA:19,1
DA:20,1
DA:21,1
DA:22,1
DA:23,10
DA:24,5
DA:25,1
DA:26,1
DA:27,1
DA:28,1
LF:28
LH:28
BRDA:3,0,0,1
BRDA:7,1,0,7
BRDA:8,2,0,6
BRDA:8,3,0,4
BRDA:9,4,0,2
BRDA:15,5,0,3
BRDA:15,6,0,2
BRDA:17,7,0,1
BRDA:22,8,0,10
BRDA:23,9,0,5
BRF:10
BRH:10
end_of_record
TN:
SF:src/index.js
FN:6,genDiff
FNF:1
FNH:1
FNDA:1,genDiff
DA:1,1
DA:2,1
DA:3,1
DA:4,1
DA:5,1
DA:6,1
DA:7,1
DA:8,1
DA:9,1
DA:10,1
DA:11,1
DA:12,1
DA:13,1
DA:14,1
DA:15,1
DA:16,1
LF:16
LH:16
BRDA:6,0,0,1
BRF:1
BRH:1
end_of_record
